<?xml version="1.0" encoding="UTF-8"?>
<!-- Generated by org.testng.reporters.JUnitXMLReporter -->
<testsuite hostname="Chaithanya-PC" ignored="0" name="Test" tests="1" failures="1" timestamp="23 Aug 2020 07:24:39 GMT" time="0.216" errors="0">
  <testcase name="cases" time="0.017" classname="BaseTestcase.BaseclassTests">
    <failure type="java.lang.NoClassDefFoundError" message="org/openqa/selenium/WebDriver">
      <![CDATA[java.lang.NoClassDefFoundError: org/openqa/selenium/WebDriverat BaseTestcase.BaseclassTests.cases(BaseclassTests.java:14)Caused by: java.lang.ClassNotFoundException: org.openqa.selenium.WebDriverat java.net.URLClassLoader.findClass(URLClassLoader.java:381)at java.lang.ClassLoader.loadClass(ClassLoader.java:424)at sun.misc.Launcher$AppClassLoader.loadClass(Launcher.java:338)at java.lang.ClassLoader.loadClass(ClassLoader.java:357)... 30 more... Removed 29 stack frames]]>
    </failure>
  </testcase> <!-- cases -->
</testsuite> <!-- Test -->
