<?xml version="1.0" encoding="UTF-8"?>
<testng-results skipped="0" failed="0" ignored="0" total="1" passed="1">
  <reporter-output>
  </reporter-output>
  <suite name="Default suite" duration-ms="28216" started-at="2020-08-23T12:43:57Z" finished-at="2020-08-23T12:44:25Z">
    <groups>
    </groups>
    <test name="Default test" duration-ms="28216" started-at="2020-08-23T12:43:57Z" finished-at="2020-08-23T12:44:25Z">
      <class name="BaseTestcase.BaseclassTests">
        <test-method status="PASS" signature="cases()[pri:0, instance:BaseTestcase.BaseclassTests@31330c]" name="cases" duration-ms="28176" started-at="2020-08-23T18:13:57Z" finished-at="2020-08-23T18:14:25Z">
          <reporter-output>
          </reporter-output>
        </test-method> <!-- cases -->
      </class> <!-- BaseTestcase.BaseclassTests -->
    </test> <!-- Default test -->
  </suite> <!-- Default suite -->
</testng-results>
